[2024-02-13T02:36:16.375006+00:00] DogtorPET.WARNING: Token not found [] []
[2024-02-13T03:05:59.516324+00:00] DogtorPET.DEBUG: CORS analysis for request started. [] []
[2024-02-13T03:05:59.516591+00:00] DogtorPET.DEBUG: Request is identified as a pre-flight CORS request. [] []
[2024-02-13T03:05:59.517050+00:00] DogtorPET.DEBUG: CORS analysis for request completed. [] []
[2024-02-13T03:05:59.522229+00:00] DogtorPET.DEBUG: Using token from request header [] []
[2024-02-13T03:05:59.524005+00:00] DogtorPET.WARNING: Wrong number of segments ["null"] []
[2024-02-13T03:06:23.870701+00:00] DogtorPET.DEBUG: CORS analysis for request started. [] []
[2024-02-13T03:06:23.870889+00:00] DogtorPET.DEBUG: Request is identified as a pre-flight CORS request. [] []
[2024-02-13T03:06:23.870961+00:00] DogtorPET.DEBUG: CORS analysis for request completed. [] []
[2024-02-13T03:06:23.876882+00:00] DogtorPET.DEBUG: CORS analysis for request started. [] []
[2024-02-13T03:06:23.877082+00:00] DogtorPET.DEBUG: Request is identified as an actual CORS request. [] []
[2024-02-13T03:06:23.877127+00:00] DogtorPET.DEBUG: CORS analysis for request completed. [] []
[2024-02-13T03:06:23.925492+00:00] DogtorPET.DEBUG: CORS analysis for request started. [] []
[2024-02-13T03:06:23.925727+00:00] DogtorPET.DEBUG: Request is identified as a pre-flight CORS request. [] []
[2024-02-13T03:06:23.925790+00:00] DogtorPET.DEBUG: CORS analysis for request completed. [] []
[2024-02-13T03:06:23.931710+00:00] DogtorPET.DEBUG: Using token from request header [] []
[2024-02-13T03:06:23.932345+00:00] DogtorPET.DEBUG: CORS analysis for request started. [] []
[2024-02-13T03:06:23.932611+00:00] DogtorPET.DEBUG: Request is identified as an actual CORS request. [] []
[2024-02-13T03:06:23.932716+00:00] DogtorPET.DEBUG: CORS analysis for request completed. [] []
[2024-02-13T03:07:15.313362+00:00] DogtorPET.DEBUG: CORS analysis for request started. [] []
[2024-02-13T03:07:15.313551+00:00] DogtorPET.DEBUG: Request is identified as a pre-flight CORS request. [] []
[2024-02-13T03:07:15.313640+00:00] DogtorPET.DEBUG: CORS analysis for request completed. [] []
[2024-02-13T03:07:15.319350+00:00] DogtorPET.DEBUG: Using token from request header [] []
[2024-02-13T03:07:15.319713+00:00] DogtorPET.DEBUG: CORS analysis for request started. [] []
[2024-02-13T03:07:15.319778+00:00] DogtorPET.DEBUG: Request is identified as an actual CORS request. [] []
[2024-02-13T03:07:15.319817+00:00] DogtorPET.DEBUG: CORS analysis for request completed. [] []
[2024-02-13T03:08:28.997975+00:00] DogtorPET.DEBUG: CORS analysis for request started. [] []
[2024-02-13T03:08:28.998318+00:00] DogtorPET.DEBUG: Request is identified as a pre-flight CORS request. [] []
[2024-02-13T03:08:28.998439+00:00] DogtorPET.DEBUG: CORS analysis for request completed. [] []
[2024-02-13T03:08:29.008011+00:00] DogtorPET.DEBUG: Using token from request header [] []
[2024-02-13T03:08:29.008477+00:00] DogtorPET.DEBUG: CORS analysis for request started. [] []
[2024-02-13T03:08:29.008550+00:00] DogtorPET.DEBUG: Request is identified as an actual CORS request. [] []
[2024-02-13T03:08:29.008598+00:00] DogtorPET.DEBUG: CORS analysis for request completed. [] []
[2024-02-13T03:08:52.977950+00:00] DogtorPET.DEBUG: CORS analysis for request started. [] []
[2024-02-13T03:08:52.978241+00:00] DogtorPET.DEBUG: Request is identified as a pre-flight CORS request. [] []
[2024-02-13T03:08:52.978322+00:00] DogtorPET.DEBUG: CORS analysis for request completed. [] []
[2024-02-13T03:08:52.982224+00:00] DogtorPET.DEBUG: Using token from request header [] []
[2024-02-13T03:08:52.982489+00:00] DogtorPET.DEBUG: CORS analysis for request started. [] []
[2024-02-13T03:08:52.982541+00:00] DogtorPET.DEBUG: Request is identified as an actual CORS request. [] []
[2024-02-13T03:08:52.982581+00:00] DogtorPET.DEBUG: CORS analysis for request completed. [] []
[2024-02-13T03:10:28.921798+00:00] DogtorPET.DEBUG: CORS analysis for request started. [] []
[2024-02-13T03:10:28.921932+00:00] DogtorPET.DEBUG: Request is identified as a pre-flight CORS request. [] []
[2024-02-13T03:10:28.921994+00:00] DogtorPET.DEBUG: CORS analysis for request completed. [] []
[2024-02-13T03:10:28.925531+00:00] DogtorPET.DEBUG: Using token from request header [] []
[2024-02-13T03:10:28.925940+00:00] DogtorPET.DEBUG: CORS analysis for request started. [] []
[2024-02-13T03:10:28.926018+00:00] DogtorPET.DEBUG: Request is identified as an actual CORS request. [] []
[2024-02-13T03:10:28.926064+00:00] DogtorPET.DEBUG: CORS analysis for request completed. [] []
[2024-02-13T03:12:42.520395+00:00] DogtorPET.DEBUG: CORS analysis for request started. [] []
[2024-02-13T03:12:42.520719+00:00] DogtorPET.DEBUG: Request is identified as a pre-flight CORS request. [] []
[2024-02-13T03:12:42.520863+00:00] DogtorPET.DEBUG: CORS analysis for request completed. [] []
[2024-02-13T03:12:42.527824+00:00] DogtorPET.DEBUG: Using token from request header [] []
[2024-02-13T03:12:42.528107+00:00] DogtorPET.DEBUG: CORS analysis for request started. [] []
[2024-02-13T03:12:42.528148+00:00] DogtorPET.DEBUG: Request is identified as an actual CORS request. [] []
[2024-02-13T03:12:42.528183+00:00] DogtorPET.DEBUG: CORS analysis for request completed. [] []
[2024-02-13T03:13:18.890558+00:00] DogtorPET.DEBUG: CORS analysis for request started. [] []
[2024-02-13T03:13:18.890767+00:00] DogtorPET.DEBUG: Request is identified as a pre-flight CORS request. [] []
[2024-02-13T03:13:18.890859+00:00] DogtorPET.DEBUG: CORS analysis for request completed. [] []
[2024-02-13T03:13:18.895552+00:00] DogtorPET.DEBUG: Using token from request header [] []
[2024-02-13T03:13:18.896039+00:00] DogtorPET.DEBUG: CORS analysis for request started. [] []
[2024-02-13T03:13:18.896117+00:00] DogtorPET.DEBUG: Request is identified as an actual CORS request. [] []
[2024-02-13T03:13:18.896166+00:00] DogtorPET.DEBUG: CORS analysis for request completed. [] []
[2024-02-13T03:13:36.173181+00:00] DogtorPET.WARNING: Token not found [] []
